<?xml version="1.0" encoding="UTF-8"?>
<!-- Generated by org.testng.reporters.JUnitReportReporter -->
<testsuite hostname="DESKTOP-KVBJ93D" failures="0" tests="2" name="TestNGBasic.TestFacebook" time="0.017" errors="0" timestamp="2022-11-25T20:19:33 IST" skipped="0">
  <testcase classname="TestNGBasic.TestFacebook" name="validateTitleTC" time="0.006"/>
  <system-out/>
  <testcase classname="TestNGBasic.TestFacebook" name="validateLogo" time="0.011"/>
  <system-out/>
</testsuite> <!-- TestNGBasic.TestFacebook -->
