<?xml version="1.0" encoding="UTF-8"?>
<!-- Generated by org.testng.reporters.JUnitReportReporter -->
<testsuite hostname="DESKTOP-KVBJ93D" failures="0" tests="5" name="TestNGBasic.priorityDemoTestNg" time="0.014" errors="0" timestamp="2022-11-25T20:19:33 IST" skipped="0">
  <testcase classname="TestNGBasic.priorityDemoTestNg" name="xerox" time="0.007"/>
  <system-out/>
  <testcase classname="TestNGBasic.priorityDemoTestNg" name="beta" time="0.003"/>
  <system-out/>
  <testcase classname="TestNGBasic.priorityDemoTestNg" name="lion" time="0.001"/>
  <system-out/>
  <testcase classname="TestNGBasic.priorityDemoTestNg" name="apple" time="0.001"/>
  <system-out/>
  <testcase classname="TestNGBasic.priorityDemoTestNg" name="delpha" time="0.002"/>
  <system-out/>
</testsuite> <!-- TestNGBasic.priorityDemoTestNg -->
