<?xml version="1.0" encoding="UTF-8"?>
<!-- Generated by org.testng.reporters.JUnitReportReporter -->
<testsuite hostname="DESKTOP-KVBJ93D" failures="0" tests="3" name="TestNGBasic.Dataprovider1" time="0.015" errors="0" timestamp="2022-11-26T23:24:32 IST" skipped="0">
  <testcase classname="TestNGBasic.Dataprovider1" name="LoginTest" time="0.002"/>
  <system-out/>
  <testcase classname="TestNGBasic.Dataprovider1" name="LoginTest" time="0.002"/>
  <system-out/>
  <testcase classname="TestNGBasic.Dataprovider1" name="LoginTest" time="0.011"/>
  <system-out/>
</testsuite> <!-- TestNGBasic.Dataprovider1 -->
