<?xml version="1.0" encoding="UTF-8"?>
<!-- Generated by org.testng.reporters.JUnitReportReporter -->
<testsuite hostname="DESKTOP-KVBJ93D" failures="0" tests="4" name="TestNGBasic.Testgroup1" time="0.014" errors="0" timestamp="2022-11-25T23:12:25 IST" skipped="1">
  <testcase classname="TestNGBasic.Testgroup1" name="TC2" time="0.001"/>
  <system-out/>
  <testcase classname="TestNGBasic.Testgroup1" name="TC2" time="0.002"/>
  <system-out/>
  <testcase classname="TestNGBasic.Testgroup1" name="TC2" time="0.011"/>
  <system-out/>
  <testcase classname="TestNGBasic.Testgroup1" name="deprecateFeature">
    <skipped/>
  </testcase> <!-- deprecateFeature -->
  <system-out/>
</testsuite> <!-- TestNGBasic.Testgroup1 -->
