<?xml version="1.0" encoding="UTF-8"?>
<!-- Generated by org.testng.reporters.JUnitReportReporter -->
<testsuite hostname="DESKTOP-KVBJ93D" failures="0" tests="2" name="TestNGBasic.ParameterizedTC" time="27.620" errors="0" timestamp="2022-11-26T22:35:01 IST" skipped="0">
  <testcase classname="TestNGBasic.ParameterizedTC" name="ValidateLogin" time="12.452"/>
  <system-out/>
  <testcase classname="TestNGBasic.ParameterizedTC" name="ValidateLogin2" time="15.168"/>
  <system-out/>
</testsuite> <!-- TestNGBasic.ParameterizedTC -->
