<?xml version="1.0" encoding="UTF-8"?>
<!-- Generated by org.testng.reporters.JUnitReportReporter -->
<testsuite hostname="DESKTOP-KVBJ93D" failures="0" tests="4" name="TestNGBasic.disabletestng" time="0.025" errors="0" timestamp="2022-11-26T16:46:36 IST" skipped="1">
  <testcase classname="TestNGBasic.disabletestng" name="TestTwo" time="0.013"/>
  <system-out/>
  <testcase classname="TestNGBasic.disabletestng" name="Testone" time="0.006"/>
  <system-out/>
  <testcase classname="TestNGBasic.disabletestng" name="TestThree" time="0.006"/>
  <system-out/>
  <testcase classname="TestNGBasic.disabletestng" name="TestFour">
    <skipped/>
  </testcase> <!-- TestFour -->
  <system-out/>
</testsuite> <!-- TestNGBasic.disabletestng -->
